
################################################################################

 PACKMOL - Packing optimization for the automated generation of
 starting configurations for molecular dynamics simulations.
 
                                                              Version 20.010 

################################################################################

  Packmol must be run with: packmol < inputfile.inp 

  Userguide at: http://m3g.iqm.unicamp.br/packmol 

  Reading input file... (Control-C aborts)
  Seed for random number generator:      1234567
  Output file: box.pdb
  Reading coordinate file: water.pdb
  Number of independent structures:            1
  The structures are: 
  Structure            1 :water.pdb(           3  atoms)
  Maximum number of GENCAN loops for all molecule packing:          200
  Total number of restrictions:            1
  Distance tolerance:    2.0000000000000000     
  Warning: Type of residue numbering not set for structure            1
  Residue numbering set for structure            1 :           0
  Swap chains of molecules of structure            1 : F
  Number of molecules of type            1 :         1000
  Total number of atoms:         3000
  Total number of molecules:         1000
  Number of fixed molecules:            0
  Number of free molecules:         1000
  Number of variables:         6000
  Total number of fixed atoms:            0
  Maximum internal distance of type            1 :    1.6330000000000000     
  All atoms must be within these coordinates: 
   x: [   -999.24636734693877      ,    1000.7536326530612       ] 
   y: [   -998.39999999999998      ,    1001.6000000000000       ] 
   z: [   -1000.0000000000000      ,    1000.0000000000000       ] 
  If the system is larger than this, increase the sidemax parameter. 

################################################################################

  Building initial approximation ... 

################################################################################

  Adjusting initial point to fit the constraints 

--------------------------------------------------------------------------------

--------------------------------------------------------------------------------

  Molecules of type:            1

  Packing:|0                                                             100%|
          |****************************

  Restraint-only function value:    2.0616067554899503E-002
  Maximum violation of the restraints:    1.9769379682143522E-003

--------------------------------------------------------------------------------

  Rescaling maximum and minimum coordinates... 
  Computing size of patches... 
  Add fixed molecules to permanent arrays... 
  Reseting center of mass... 

--------------------------------------------------------------------------------

  Setting initial trial coordinates ... 

--------------------------------------------------------------------------------

--------------------------------------------------------------------------------

  Molecules of type:            1
  Adjusting random positions to fit the constraints. 
  Packing:|0                                                             100%|
          |*******
  Restraint-only function value:    1.0752447321139317E-005
  Maximum violation of the restraints:    4.5820839623406773E-006

################################################################################

  Objective function at initial point:    17421.541519772367     

################################################################################

  Packing molecules of type:            1

################################################################################


--------------------------------------------------------------------------------

  Starting GENCAN loop:            0
  Scaling radii by:    1.1000000000000001     

  Packing:|0                                                             100%|
          |******************************************************************|
          |******************************************

  Function value from last GENCAN loop: f = .37323E-01
  Best function value before: f = .17422E+05
  Improvement from best function value:    99.99 %
  Improvement from last loop:    99.99 %
  Maximum violation of target distance:     0.000000
  Maximum violation of the constraints: .69488E-02
  Current structure written to file: box.pdb
--------------------------------------------------------------------------------
  Packing solved for molecules of type           1
  Objective function value:    3.7323329723344748E-002
  Maximum violation of target distance:    0.0000000000000000     
  Max. constraint violation:    6.9487744272116493E-003
--------------------------------------------------------------------------------

################################################################################

  Packing all molecules together 

################################################################################


  Initial approximation is a solution. Nothing to do. 

  Solution written to file: box.pdb

################################################################################

                                 Success! 
              Final objective function value: .24268E+01
              Maximum violation of target distance:   0.000000
              Maximum violation of the constraints: .69488E-02

--------------------------------------------------------------------------------

              Please cite this work if Packmol was useful: 

           L. Martinez, R. Andrade, E. G. Birgin, J. M. Martinez, 
         PACKMOL: A package for building initial configurations for
                   molecular dynamics simulations. 
          Journal of Computational Chemistry, 30:2157-2164,2009.

################################################################################

   Running time:   0.352849990      seconds. 

--------------------------------------------------------------------------------


